<?xml version="1.0" encoding="UTF-8"?>
<!-- Generated by org.testng.reporters.JUnitReportReporter -->
<testsuite hostname="DESKTOP-0Q0JF8F" failures="0" tests="1" name="pages.startAppium" time="35.051" errors="0" timestamp="2023-09-13T18:20:26 IST" skipped="0">
  <testcase classname="pages.startAppium" name="AppiumTest" time="35.051"/>
  <system-out/>
</testsuite> <!-- pages.startAppium -->
